
============================================================
Fetch run: 2026-02-08T01:06:14.919816
Failed symbols (3/3):
  AKBLTFC6: No data or too few rows
  BAFLTFC6: No data or too few rows
  BAFLTFC8: No data or too few rows

============================================================
Fetch run: 2026-02-08T01:09:37.956562
Failed symbols (5/5):
  786: No data or too few rows
  786R: No data or too few rows
  AABS: No data or too few rows
  AAL: No data or too few rows
  AASM: No data or too few rows

============================================================
Fetch run: 2026-02-08T09:19:10.509600
Failed symbols (80/686):
  ADTM: No data or too few rows
  AKZO: No data or too few rows
  ALQT: No data or too few rows
  AQTM: No data or too few rows
  ASRL: No data or too few rows
  AYTM: No data or too few rows
  AYZT: No data or too few rows
  AZTM: No data or too few rows
  BEEM: No data or too few rows
  BPBL: No data or too few rows
  BROT: No data or too few rows
  CECL: No data or too few rows
  COST: No data or too few rows
  COTT: No data or too few rows
  CSM: No data or too few rows
  DCM: No data or too few rows
  DMIL: No data or too few rows
  DOLCPS: No data or too few rows
  DOMF: No data or too few rows
  EFOODS: No data or too few rows
  EWLA: No data or too few rows
  EXTR: No data or too few rows
  FDMF: No data or too few rows
  FFLNV: No data or too few rows
  GASF: No data or too few rows
  GENP: No data or too few rows
  GLAT: No data or too few rows
  GOEM: No data or too few rows
  HAL: No data or too few rows
  HMICL: No data or too few rows
  ICCT: No data or too few rows
  IFSL: No data or too few rows
  IGIBL: No data or too few rows
  IGIIL: No data or too few rows
  IMSL: No data or too few rows
  INL: No data or too few rows
  ISHT: No data or too few rows
  ISTM: No data or too few rows
  ITSL: No data or too few rows
  JOVC: No data or too few rows
  JPGL: No data or too few rows
  KACM: No data or too few rows
  LINDE: No data or too few rows
  LPCL: No data or too few rows
  MDTM: No data or too few rows
  MOIL: No data or too few rows
  MOON: No data or too few rows
  MUKT: No data or too few rows
  MZSM: No data or too few rows
  NIB: No data or too few rows
  NORS: No data or too few rows
  NPSM: No data or too few rows
  OLSM: No data or too few rows
  PAKCEM: No data or too few rows
  PCML: No data or too few rows
  PDGH: No data or too few rows
  PGCL: No data or too few rows
  PGF: No data or too few rows
  PGIC: No data or too few rows
  PIF: No data or too few rows
  PNGRS: No data or too few rows
  QUSW: No data or too few rows
  SDIL: No data or too few rows
  SEPCO: No data or too few rows
  SFLL: No data or too few rows
  SGFL: No data or too few rows
  SING: No data or too few rows
  SJTM: No data or too few rows
  SLSO: No data or too few rows
  SLSOPP: No data or too few rows
  SLSOPVI: No data or too few rows
  SMBLCPSA: No data or too few rows
  SMBLCPSB: No data or too few rows
  SRSM: No data or too few rows
  SUCM: No data or too few rows
  TCLTC: No data or too few rows
  TDIL: No data or too few rows
  THAS: No data or too few rows
  TREI: No data or too few rows
  UBLGSFO: No data or too few rows

============================================================
Fetch run: 2026-02-08T10:09:44.860834
Failed symbols (80/686):
  ADTM: No data or too few rows
  AKZO: No data or too few rows
  ALQT: No data or too few rows
  AQTM: No data or too few rows
  ASRL: No data or too few rows
  AYTM: No data or too few rows
  AYZT: No data or too few rows
  AZTM: No data or too few rows
  BEEM: No data or too few rows
  BPBL: No data or too few rows
  BROT: No data or too few rows
  CECL: No data or too few rows
  COST: No data or too few rows
  COTT: No data or too few rows
  CSM: No data or too few rows
  DCM: No data or too few rows
  DMIL: No data or too few rows
  DOLCPS: No data or too few rows
  DOMF: No data or too few rows
  EFOODS: No data or too few rows
  EWLA: No data or too few rows
  EXTR: No data or too few rows
  FDMF: No data or too few rows
  FFLNV: No data or too few rows
  GASF: No data or too few rows
  GENP: No data or too few rows
  GLAT: No data or too few rows
  GOEM: No data or too few rows
  HAL: No data or too few rows
  HMICL: No data or too few rows
  ICCT: No data or too few rows
  IFSL: No data or too few rows
  IGIBL: No data or too few rows
  IGIIL: No data or too few rows
  IMSL: No data or too few rows
  INL: No data or too few rows
  ISHT: No data or too few rows
  ISTM: No data or too few rows
  ITSL: No data or too few rows
  JOVC: No data or too few rows
  JPGL: No data or too few rows
  KACM: No data or too few rows
  LINDE: No data or too few rows
  LPCL: No data or too few rows
  MDTM: No data or too few rows
  MOIL: No data or too few rows
  MOON: No data or too few rows
  MUKT: No data or too few rows
  MZSM: No data or too few rows
  NIB: No data or too few rows
  NORS: No data or too few rows
  NPSM: No data or too few rows
  OLSM: No data or too few rows
  PAKCEM: No data or too few rows
  PCML: No data or too few rows
  PDGH: No data or too few rows
  PGCL: No data or too few rows
  PGF: No data or too few rows
  PGIC: No data or too few rows
  PIF: No data or too few rows
  PNGRS: No data or too few rows
  QUSW: No data or too few rows
  SDIL: No data or too few rows
  SEPCO: No data or too few rows
  SFLL: No data or too few rows
  SGFL: No data or too few rows
  SING: No data or too few rows
  SJTM: No data or too few rows
  SLSO: No data or too few rows
  SLSOPP: No data or too few rows
  SLSOPVI: No data or too few rows
  SMBLCPSA: No data or too few rows
  SMBLCPSB: No data or too few rows
  SRSM: No data or too few rows
  SUCM: No data or too few rows
  TCLTC: No data or too few rows
  TDIL: No data or too few rows
  THAS: No data or too few rows
  TREI: No data or too few rows
  UBLGSFO: No data or too few rows

============================================================
Fetch run: 2026-02-08T10:17:54.774075
Failed symbols (80/686):
  ADTM: No data or too few rows
  AKZO: No data or too few rows
  ALQT: No data or too few rows
  AQTM: No data or too few rows
  ASRL: No data or too few rows
  AYTM: No data or too few rows
  AYZT: No data or too few rows
  AZTM: No data or too few rows
  BEEM: No data or too few rows
  BPBL: No data or too few rows
  BROT: No data or too few rows
  CECL: No data or too few rows
  COST: No data or too few rows
  COTT: No data or too few rows
  CSM: No data or too few rows
  DCM: No data or too few rows
  DMIL: No data or too few rows
  DOLCPS: No data or too few rows
  DOMF: No data or too few rows
  EFOODS: No data or too few rows
  EWLA: No data or too few rows
  EXTR: No data or too few rows
  FDMF: No data or too few rows
  FFLNV: No data or too few rows
  GASF: No data or too few rows
  GENP: No data or too few rows
  GLAT: No data or too few rows
  GOEM: No data or too few rows
  HAL: No data or too few rows
  HMICL: No data or too few rows
  ICCT: No data or too few rows
  IFSL: No data or too few rows
  IGIBL: No data or too few rows
  IGIIL: No data or too few rows
  IMSL: No data or too few rows
  INL: No data or too few rows
  ISHT: No data or too few rows
  ISTM: No data or too few rows
  ITSL: No data or too few rows
  JOVC: No data or too few rows
  JPGL: No data or too few rows
  KACM: No data or too few rows
  LINDE: No data or too few rows
  LPCL: No data or too few rows
  MDTM: No data or too few rows
  MOIL: No data or too few rows
  MOON: No data or too few rows
  MUKT: No data or too few rows
  MZSM: No data or too few rows
  NIB: No data or too few rows
  NORS: No data or too few rows
  NPSM: No data or too few rows
  OLSM: No data or too few rows
  PAKCEM: No data or too few rows
  PCML: No data or too few rows
  PDGH: No data or too few rows
  PGCL: No data or too few rows
  PGF: No data or too few rows
  PGIC: No data or too few rows
  PIF: No data or too few rows
  PNGRS: No data or too few rows
  QUSW: No data or too few rows
  SDIL: No data or too few rows
  SEPCO: No data or too few rows
  SFLL: No data or too few rows
  SGFL: No data or too few rows
  SING: No data or too few rows
  SJTM: No data or too few rows
  SLSO: No data or too few rows
  SLSOPP: No data or too few rows
  SLSOPVI: No data or too few rows
  SMBLCPSA: No data or too few rows
  SMBLCPSB: No data or too few rows
  SRSM: No data or too few rows
  SUCM: No data or too few rows
  TCLTC: No data or too few rows
  TDIL: No data or too few rows
  THAS: No data or too few rows
  TREI: No data or too few rows
  UBLGSFO: No data or too few rows
